Bugfixes/Erweiterungen 


Weihnacht 2008 (Bungar 6.6)
6.64
- Aufsitzen am Kran mit anhängender Last deaktiviert
- Special Einsätze wieder stärker reaktiviert

- Script Error in der Sirenenprobe behoben

6.63
- Luefter dreht wieder korrekt
- RTW Medebach fährt nun rund um die Uhr
- Hubi als BegleitNEF landet nicht mehr in der KlinikAnfahrt
- SEG transporiert auch stabile Kat Rot ins Zelt

6.62
- SoSi-Codierung geändert -> kleinere Arrays, Filenamen muessen nur noch einmal angegeben werden
- Sekundärpatient liegt AUF der Liege :D
- Absitzen im MultiplayerModus -> immer gesamte FzBesatzung

6.61Bungar
- Multiplayeranpassung vervollstaendigt
->	Einheiten sollten jetzt vollstaendig korrekt dem alarmierenden Spieler zugewiesen werden
->	Beliebige Fz koennen mit dem Uebernahme-Kommando des MP-Disponenten übernommen werden so wie ein Tisch
->	Alarm Fw/RD/Pol im MP-Disponentenmenue wieder aktiviert

6.61
- Ausfall der Tech-Einheiten/THW-Kran beseitigt
- RTW Medebach ist nach Status 1 am Morgen auch steuerbar :D
- Hunde vom MTW sind wieder dauerhaft einsetzbar
- RD verteilt keine "gruene Pizza" mehr, wenn er Pat von Fw/Pol uebernimmt :D

6.6
- MAP-UPDATE Standard/Multiplayer
- TraumaTeam/NA laeuft jetzt INS KH, nicht mehr an die Aussenmauer
- BugFix beim Schnellangriff -> Kein Schnellangriff fuer ausgeruesteten Fw-Mann
- Schockraumpatient hat jetzt eine Liege
- Nicht-Fw Personal kann nur in Begleitung Fw mit der Drehleiter fahren
- "Winterpolizisten"
- Bug im FeierabendScript beseitigt
- Polizisten stecken Waffe weg vor Einsteigen ins Fz
- Bei Anforderung der Trage wird die TriageKarte des Pat aktualisiert
- Dachmonitor des TLF loescht nicht mehr automatisch, wenn Verteiler vorgenommen wird

- ENGLISH VERSION EMBEDDED -> please copy file metastrings.en to metastrings.xml in folder SPECS in Mod folder

Weihnacht 2008 (Bungar 6.5)
6.54
- Script Error "Division by Zero" mit BTD behoben
- Kontaminierte Pat/Suizidenten steigen am KH wieder aus dem RTW/KTW
- Personal für Freiwillige Wachen kommt wieder an -> Map-Fix
- Bugfixes auf den Maps
- verletzter RA holt keine Ferno-Trage mehr 

6.53
- KEIN BTD mehr beim Schnellangriff (und Code unkomplizierter ;) )
- KEINE Festnahme mehr durch Polizeihund
- Farbige Triagekarten (Danny sei Dank !)

6.52
- Polizei joggt nicht mehr übern Weihnachtsmarkt
- RTW Medebach macht korrekt Feierabend in Winterberg auch wenn noch n Einsatz auf Heimfahrt kommt
- BMAs sind auch ohne Alarm am Haus sichtbar, werden auf der MiniMap aber nur nach Ausloesen angezeigt
- BMA Tisch (Tisch 4) ist abgeschaltet, brauchte wohl eh nicht jemand oder ?
- Fw kann wieder Gegenstaende ziehen, sofern sie nicht brennen (sonst Schnellangriff :) )
- Camera-Einstellungen koennen im Disponenten-Menu umgeschaltet werden von Winterberg auf Em4 Standard

6.51
- Wassergasse geht wieder
- ScriptError im EnterCar beseitigt
- Korrektur auf der StandardMap

6.5
- Veraenderte Maps ;)
- Rettungswache mit offenen Garagen

- Einsatzleiter kann einzelnen Zug im Verband zur geschlossenen Umpositionierung auswählen
- Einsatzleiter kann einzelnen Zug aus dem Einsatzverband lösen und nach hause senden
- Im Verband bekommt jede Teileinheit ihren eigenen Zugführer, der die Einheit mit allen ZF-Funktionen führen kann
- Gesamt-TEL führt ALLE, TEL-Fz kann jeden Zug einzeln anwählen für Zugkommandos
- ZF kann TEL bei größeren Lagen nachalarmieren
- TEL übernimmt nach Ankunft E-Stelle die Gesamteinsatzleitung
- RW verfügt über eine Seilwinde :)
- Feuerwehr verfuegt über Hebekissen
- Biologisch kontaminierte Pat werden im RTW als INFEKTIONSFAHRT transportiert
- TV Heli kommt manchmal, öfter halt net ;)
- TL Pol verfügt über Kommandos "Lage sichern" und "Zugriff"
- SoSiButton im Fz-Menue erlaubt Stadt/Land/Pressluft-Umschaltung (Details siehe Handbuch)
- Neuer Spezialeinsatz ;)
- "NAW7"-Modus, Kamera verfolgt Fz auf Einsatzfahrt ?
- RCtrl im Feuerwehrmenue schaltet nun auf Alarmierung "einzelner Ruestwagen"
- Pol setzt Streife nach Kontrolle ohne Festnahme von selber fort, um Staus zu vermeiden
- RTW Medebach faehrt zum Feierabend in die Wache Winterberg
- Fussstreife-Funktion eingeführt -> jetzt am Weihnachtsmarkt aktiv -> kann Festnahmen machen, aber keinen Transport

- kleiner ChemieAlarm nun ohne Sirene
- Jeder Trupp mit Strahlrohr kann Erkundung im Gebaeude durchführen -> Trupp bleibt immer im Haus, löscht aber nicht automatisch
- Gehfähige Patienten überarbeitet -> sollte kein BTD mehr entstehen
- Korrektur im Verhaften-Script wg Pruegelei bei Festnahme
- Blaulichter gehn wieder an bei Einsteigen in FwFz nach Alarm
- Befehl Verteiler setzen zuverlaessig als Standard-Kommando fuer Fwler mit Verteiler, kann duch LShift deaktiviert werden
- Blaulichter am Fz bleiben AUS beim Absitzen, wenn sie aus waren
- Polizisten hängen sich bei Kontrollen nicht mehr am Fzrand fest
- KTW fordert wieder RTW nach
- Angriffstrupp mit Schlauch bleibt IM Gebaeude und kommt nich automatisch wieder raus ;)
- Fw Absitzen laesst nur GF/ZF/TL absitzen, Rest der Mannschaft sitzt erst bei Einsatzbefehl ab -> komplett absitzen mit LShift
- Einzeln alarmierte Loeschfahrzeuge haben keinen Zugführer mehr
- STW setzen nach Kontrolle von Fz ggf automatisch ihre Fahrt fort.
- Notarzt-Abholer-Logik geaendert. NEF kann bei Abruecken des NA im RTW an der EStelle verbleiben oder ggf die Fahrt zur Ersten Hilfe unter
  brechen und den NA trotzdem anschliessend am KH abholen. Bei verletztem NA faehrt das NEF S6 zum Standort
- Loeschangriff Verteiler + Strahlrohre jetzt Standardkommando bei GF mit linker Shifttaste
- Hund kommt jetz brav zum Hundeführer beim Ausladen aus dem Fz
- Fahrlicht aller Fz auf Wache nun standardmaessig aus
- Pol-Notruf muss mit linker Strg-Taste freigeschaltet werden

- Bungar-Technologie : eingeschränkte Multiplayerfähigkeit gegeben
-- Beim Entnehmen des Schnellangriff kann direkt der Aufstellungsort festgelegt werden
-- Beim Vornehmen eines einzelnen Strahlrohres kann direkt der Aufstellort festgelegt werden
-- 

- Fehler im Abbauen der FW-Schlaeuche zurueckgenommen-> Fwler verlaesst vor Abbau das Gebaeude und haengt nicht mehr drinnen fest
- Fehler in der FzAuswahl bei KatS behoben -> kein illegal object error mehr
- Automatische NA-Nachforderung bei Reanimationen der RD funzt wieder 

6.31

- Mannschaft legt vor dem Umziehen Geraete ab
- "Neue" Standard-Map entsprechend der Deluxe-Map

- Syntaxfehler beim Heimfahren der SEG beseitigt
- Syntaxfehler bei der SEK-"Panzer"ung beseitigt

6.3

- Loescheinsatz mit Bereitstellung möglich / Loeschangriff über FremdFz möglich
- Verteiler kann auch an einem Verteiler angeschlossen werden -> Wassergasse
- Schnellangriff wird auch bei bereits abgesessener Mannschaft korrekt vorgenommen
- SoSi bleibt beim Einsatz umdisponieren AN
- Verkehrskontrolle -> gestohlenes Fz
- Pol mit Gewehr kann Festnahme durchfuehren wie Pol mit Pistole
- Fehler im Verhaften-Script beseitigt -> Taeter die aufgegeben haben, fangen keine Prügelei mehr bei Festnahme an
- VerhaftenScript modifziert -> erleichtert systematisierte Festnahme bei Stürmen eines Hauses
- Sirenenprobe wird bei RealAlarmierung sofort unterbrochen
- Sich ergebende Straftaeter legen erst die Waffe ab, bevor sie sich ergeben
- Verhaften kann auf Fz angewendet werden, Taeter steigen dann aus (oder auch nicht :D )
- Map bearbeitet

- Keys.xml um WASD erweitert, Spiel speichern auf F5 deaktiviert

- IndexError bei erneuter Verteilervornahme nach Aufsitzen beseitigt
- Vermisste Personen wieder aktiviert auf der Deluxe-Map (?)

6.25
- MTW kann einen Verkehrskontrollpunkt einrichten, an dem man beliebige fz herauswinken und kontrollieren kann
- Verkehrskontrolle im Zug mit MTW und 2 STW, von denen einer immer von ausserhalb kommt
- Ausleiten zur Verkehrskontrolle entlang einer Pylonenlinie möglich
- Hat ein Polizist/Fwler eine Pylone aufgestellt, wird das Pylonenaufstellen zum Standardkommando im Menue -> erleichtert Aufbau der Umleitung
- MTW verfuegt ueber 2 Lichtmasten zur Ausleuchtung bei VU oder Verkehrskontrolle
- Max. Schussdistanz fuer Scharfschuetzen verdoppelt
- Ab und an werden verletzte/erkrankte Personen von Ersthelfern primär versorgt, bis der RD da ist (nicht IMMER !!) -> Gangster, Verletzte, Tote leisten nun keine erste Hilfe mehr
- Pol-MTW geht auf dem Heimweg nicht mehr in Status 7, wenn keine Person transportiert wird
- Klinik Winterberg wird wieder einwandfrei freigegeben, aber erst wenn ein Fz ABRUECKT, nicht schon bei Abgeben im Schockraum wie vorher
- Durch Kripo Verhaftete werden korrekt eliminiert
- RD fordert keinen NA mehr nach bei Versorgung von bereits triagierten Patienten
- KatS Alarm kann direkt im Menue ausgeloest werden, muss nicht mehr auf die Map geklickt werden

- Einsatzfrequenz im Deluxe wieder ok, im Standard weiter Tests erforderlich 


6.22

- NEF/RTW haengen sich an externen Krankenhaeusern nicht mehr fest

6.21

- Spec-Files fuer Herausforderung-Modus korrigiert, um "Kontrollverlust" zu vermeiden
- Sekundär-Patient kann nicht mehr durch Heal auf Triage Stufe Grün hochtherapiert werden
- Fußgänger-Patient sollte nun in der Klinik vom RTW korrekt gelöst werden -> keine NA-Nachforderung durch leeren RTW mehr
- kein Baum mehr im Hubi bei Emma

WEM 6.2
- RTW-Tueren oeffnen und schliessen sich jetzt beim Trage holen/wegbringen
- Techniker holen sich ihre Montage-Koffer erst aus dem Fz
- AO Waldbrand/ kleiner Chemiealarm geändert
- TV-Heli ueberfliegt E-Stelle bei grossen Einsätzen (alle Chemie, immer wenn ELW2 alarmiert wird), nur EIN Heli
- Beladung des ELW2 korrigiert
- Sekundärverlegung auch mit Kompakt-NAW möglich
- Flugzeugabsturz als Spezialeinsatz und nicht mehr als Standard-EM4-VU
- Spezial-VU Bus/Gefahrgut ueberarbeitet
- FZ-Besatzungen laufen nach dem Absitzen wieder zur Wache
- Leitstelle wird bis zum Abschluss des Aufbaus komplett deaktiviert -> keine BTD mehr durch vorschnelles Aufrufen eines LSt-Tisches

- differenzierte Lagemeldungen fuer Pol, Fw, SanDienst
- Streife fortsetzen-Kommando fuer die STWs
- Sehr leicht verletzte werden zu Fuss ins Auto gebracht -> RTW kann damit bis zu zwei Patienten transportieren
- GF kann Menschenrettung im verschlossenen brennenden Gebaeude befehlen -> Tuer wird mit Axt geoeffnet ABER ES GEHT KEIN TRUPP REIN
- ErsatzDispo geht an Tisch 2, hat Move-Befehl
- Stabile Rückkehr von Fz aus externen Kliniken
- Streife kann nur mit Besatzung zum Stoppen von Fz geschickt werden 

6.13
- Gebesserte Patienten werden von der SEG wieder ins Zelt gebracht
- Sani mit Koffer kann keinen Koffer mehr aus dem Fz holen
- RTW Medebach/KTW gehen bei SEG-Alarm in Status 2, nicht 1, sind kommandierbar
- Lagemeldung jetzt auch fuer EL SEG und EL SEK / Demo
- Pat im MANV-Fall brauchen nicht von der Polizei begleitet zu werden
- DLK-Mannschaft ruestet sich nur mit PA zur Menschenrettung aus, wenn Feuer im Gebaeude
- Fw ruestet sich bei Feuer im Gebaeude automatisch mit PA zur Menschenrettung aus

WEM 6.12

- Triagecodierung nun Korrekt mit gelb statt blau 
- Funkmeldungen unter Angabe des rufenden Fz zur besseren Zuordnung
- Verletzung / Tod von Einsatzkräften führt zum Punktabzug
- Einsatzkräfte können sich dekontaminieren
- SchichtFz gehen nicht mehr mitten in der Fahrt in Status 6
- Code am externen KH überarbeitet, Fz sollten sich da nicht mehr festhaengen

WEM 6.11

- RD-Menue setzt hoechstwertiges Rettungsmittel im STATUS 1 als Standardkommando RTH > Kompakt NAW MIT Arzt -> RTW Stat1 -> RTW Winterberg
- Im Pol-Menu kann durch druecken von L Strg das ASF zum Standardkommando werden 
- Erweiterung der Lagemeldung
- Erste Hilfe/Behandlung des Pat fuehrt nach Rea nicht zur sofortigen WiederVerschlechterung des Patienten
- Rettung aus brennenden Gebaeuden nur noch wenn Trupp zur Brandbekämpfung/Sicherung im Gebäude
- Kontrolle nur noch auf Fz anwendbar

WEM4 6.1

- TLF ändert nicht mehr automatisch die Position beim Einsatz der Löschkanone
- Neues Menuitem : RA kann Notfallkoffer aus dem Fz holen
- Maps ueberarbeitet -> Die Taucher tauchen jetz auch in den Seen :)
- Leichtverletzte koennen zu Fuß in den RTW gebracht und zum KH gefahren werden, steigen am KH zu Fuss aus
- Rufbereitschaft Leitstelle ersetzt verletzten Disponenten
- Zivile Fz koennen verfolgt und gestoppt sowie kontrolliert werden
- RA-Teams mit Patient koennen per MenuBefehl in die Aufnahme geschickt werden
- Neuer Streifenwagen
- Neues Flatterband-Icon
- Zum Storno reicht das Druecken des Fz-Buttons bei gedrueckter rechter Strg-Taste
- Aufloesen des Trauma-Teams analog durch Ringfunk mit gedrueckter rechter Strg-Taste
- Lageerkundung durch GF/ZF/Angriffstrupp möglich, im Gebäude nur AT mit Wasser am Rohr :)
- Lageerkundung mit LSHift baut automatisch die Wasserversorgung zum empfohlenen Hydranten auf
- NEF folgt brav in die Klinik
- Neue Skins fuer Siemenstechniker / Einsatzbearbeiter Leitstelle
- Alarmierte Freiwillige starten jetzt naeher am Feuerwehrhaus und sollten meist rechtzeitig da sein
- Ersatzbeschaffung der Fz (auch Elkeringhsn, Altastenberg) funzt jetzt richtig
- Patiententriagestatus ist jetzt jederzeit im Menue des Pat zu sehen -> Bessere Übersicht ueber Transportpriorität und NA-Bedarf
- Variable Schichtzeiten fuer KTW, RTW Medebach, 2 PolFz; Hubi geht zur nacht in Status 6
- Nach Sichten des Patienten durch NA behandelt der den Pat erstversorgende RA automatisch wie ein Doc

- Übersetzung ins Englische, Französische und Italienische verfügbar :)

Patch 6.01

- FwMann im DLK-Korb wird nicht mehr zum Aufbau Wasserversorgung herangezogen
- Fehler bei Nachalarmierung NEF auf RTW beseitigt -> keine roten Kreuze mehr im RD-Menue
- RA holt Notfallkoffer nach Absitzen aus dem Fz -> Team steht nicht mehr ohne zu behandeln vor dem Patienten rum
- Kein BTD mehr bei SuperAlarm
- Fehler bei NEF/Pol-Begleitung zum KH behoben -> kein "Illegal Object Error" mit anschliessendem BTD mehr
- Sekundaerverlegungen werden nun immer korrekt abgeschlossen :)

- Kofferraum des Vectra oeffnet nun korrekt bei GeraeteEntnahme
- ELW2 in der Groesse an die anderen Fz angepasst

Winterberg4 6.0
- grosszuegig modifizierte Maps fuer Standard/Deluxe-Mode

- Neues RD-Alarmierungsmenue mit Anzeige des aktuellen Fz-Status
- Alarmierung RTW mit Notarzt durch Drücken der linken Shift-Taste während der Alarmierung
- Umdisponieren / Stornieren von Rettungsmitteln durch drücken der linken bzw rechten Strg-Taste
- LNA wird als 5. Notarzt alarmiert, wenn keine NEF/RTH mehr verfuegbar sind
- Neuer RTW Arnsberg
- SEG mit LKW -> LKW baut das Zelt auf
- Neuer SEG MTW, SEG-Helfer sind mit Tragen ausgestattet, im MTW ein Einsatzleiter/Zugführer
- Krankenhaus als OpenHouse
- Intensiv-Sekundaerverlegungen mittels RTH/ITH
- ITH können nachts als PrimaerRTH an Unfallstellen beordert werden
- Notfall/Schockraum-Team fuer klinikinterne Notfaelle
- RD kann ggf. Eingeklemmte selbstaendig aus PKW befreien

- Feuerwehralarmierung Loeschzug/EinzelFz durch Druecken linke/rechte Shift Taste während Alarmierung
- Sirenenalarm durch Druecken der linken Strg-Taste während Alarmierung
- Dekon-P in chemiezug integriert
- zweistufiger Chemiezug-Alarm : Stufe 1 örtlich + DekonP, Stufe 2 alter Chemiezug
- GW-Mess kann nicht mehr dekontaminieren
- ELW2 Arnsberg rueckt bei Alarmierung von mehreren Zuegen mit aus, übernimmt Einsatzleiter
- zwei offene Nebenfeuerwehren mit animierter Alarmierung/Fz Besetzung
- Wasserversorgung vom Hydranten/offenen Gewässer bis zum Verteiler
- modifizierter Gruppenführer/truppweiser Mannschaftseinsatz -> Aufbau Löschangriff mittels linker Shift-Taste aufzurufen im Menue
- Menschenrettung durch linke Strg-Taste auf Erste Hilfe vor Ort umschaltbar
- beim Abmarsch des Zuges kann durch Druecken der linken Strg-Taste die Pol zur Erhaltung der Absperrung an der E-Stelle belassen werden
- Absicherung der Landung ITH -> ZF legt ITH Landeplatz fest, abzusichern mit Beleuchtung,Strahlrohr
- automatisches Ergaenzen fehlender Fz im Löschzug, kein "Löschzug" aus TSF und DLK mehr
- AAO Löschzug Winterberg angepasst

- Untersuchung unklarer Todesfaelle durch Kripo
- Umschalten einzelnes KripoFz/ Kripo+Funkstreife mittels linker Strg-Taste
- Neuer Einsatzzug Demonstration
- Pol verfolgt fluechtige Taeter nun mit dem Fz

- Disponentenmenue verfuegt ueber Probealarm Sirenen der Stadt -> mit linker Strg-Taste zu entriegeln
- Katastrophenalarm mit Einsatzbereitmachung aller Feuerwehren auf Abruf -> mit linker Strg-Taste zu entriegeln
- endlich wieder Sirenensteuertöne :)

VIELE NEUE BUGS :D



5.8 
- Einsatzleiter Pol kann auch FluchtFz anfordern
- RTW behaelt Zielkrankenhaus bei, wenn NA einsteigt

Stand 17.3.08
- Wurden Pat vom NA an der EStelle triagiert, dann werden sie vom RA mit Notfallkoffer wie vom NA weiterstabilisiert
  => ein NA und mehrere RTW koennen nun primaer stabilisieren -> Transportbegleitung durch NA entfaellt deswegen aber NICHT
- Absperrung mit Flatterband funzt
- RD kann Pat aus PKW befreien
- Spezialeinsatz Orkanschaeden

Stand 15.3.08
- Neue Spezialmission Razzia
- SEK eingefuehrt
- SEK / Demoalarm verfuegen ueber Polizeieinsatzleiter
- EL Pol verfuegt ueber Kommando Evakuieren -> raeumt Haus , kann gewaltsame Demo teilweise auflösen, EL-Kommandos wie EL Fw
- SEK Beamte mit schussfesten Westen ausgestattet, Bepos leicht schuss/schlaggesichert ausgeruestet
- Erste Hilfe/RD-Versorgung wird beendet, wenn Pat aufhoben wird
- Haeftlingstransport mit externem Fz fuehrt nun wieder zur korrekten Beendung von Auftraegen
- Bepos/ZivilStreifen verfuegen nicht mehr ueber Scharfschuetzenausruestung
- wir tasten uns mal vorsichtig an Orkanschaeden ran, aber EM4 will noch nicht stuermen :D
- Ersatzfahrzeuge werden wieder zum Standort gebracht

Stand 8.3.08
- Neuer Spezialauftrag Massenschlägerei/gewaltsame Demonstration
- Jeder NEF-NA kann nun auch mit der Triage beginnen
- Neue Mission "bewaffneter Ueberfall"
  - Ueberfalltaeter fluechten nun nach geraumer Zeit mit Fluchtauto
- Fz machen das SoSi nicht mehr an nach Eintreffen an der EStelle
- Wasserwerfer machen beim Umparken den Monitor nicht mehr aus
- Fw kann nun mit Schlauch auch offene Open Houses betreten
- Scharfschuetze schiesst nun wieder problemlos
- Sitzplaetze in den Zivil-PolFz werden nun wieder freigegeben
- Keine Geister-RAs mehr im RTW
- Keine Zugführer mehr im Boot !

Fixes

- Pol folgt nun ins externe KH
- EnterCar sollte wieder fuer Sanis funzen


5.74
- Schnellangriff TLF funzt jetzt richtig
- Es rennen keine NA mehr vom KH zu externen Kliniken :) 
- S-Bahn kann nun transportiert werden
- FWLer mit Erdungsstangen fuehren nun keine anderen Einsatzaufgaben mehr durch
- "S-Bahn-Unglück" wird nun nicht mehr vorzeitig als abgeschlossen markiert (und tritt damit auch nicht mehrmals parallel ein)
- Pol kann direkt auf einen RTW alarmiert werden

5.73

- ZiviPolizisten haben nun wieder rufe_Getaway
- FremdNA begleitet nicht mehr automatisch Pat im Hubschrauber oder Kompakt-NAW
- EH und Versorgung durch RD sind jetz animiert, RD stabilisiert laenger
- Zugfuehrer verschieben jetzt nur ihre eigene Bereitstellungsmarke
- Zugmanagement korrigiert ->
  - jeder ZF verschiebt nur seinen eigenene Bereitstellungsraum
  - vom Zug abgezogene Fahrzeuge werden beim Abruecken nicht von einer neuen EStelle abgezogen
- Verhaften mit gezogener Waffe funktioniert auch im Gebaeude
- RTW senden am KH auch wieder Status 8


5.6/5.7 -> Siehe Forum


Version 5.5 Gold Edition

1. div. BTDs behoben
2. Loeschgruppe Hildfeld eingebaut, aber noch falsches Model
3. SEG-Taste erlaubt Alarmierung von RD-Verstaerkung in beliebiger Anzahl -> Alarmierung auf Fz zielen -> RTW kommt
3a. SEG-Taste auf Verstaerkung zielen -> zusaetzliches NEF kommt
3b. SEG-Taste mit Priority-Key auf Zelt zielen -> die 7 Samarei eilen zur Hilfe
4. Alle Units wurden mit Bildern versehen
5. Keine NA-Nachforderung mehr in der Einfahrt zum KH
6. Alarmierungen wurden überarbeitet, laufen jetzt schneller durch, 35 verschiedene Melder-Wecktoene :D
7. Neuer Spezialeinsatz
8. Gefahrgut/Sonder-VUs reaktiviert
9. div. neue Rettungsmittel
10. Priority-Key aktiviert -> festhalten der Entf-Taste aktiviert zusaetzliche /modifiziert Funktionen
	a. im Feuerwehrmenu : Einsatzmodus ist automatisch Loeschzug + Sirenenalarm
				Sirenentaste wird mit Entf zu "Alarm für alle" :D
	b. im RDMenue : Einsatzmodus ist automatisch RTW+NEF / Umdisponieren
			Nachbarverstaerkung wird auf von 1 RTW auf 7 NAW umgeschaltet (fuer die ganz ängstlichen :D )
	c. im PolMenu : Streifenalarmierung schaltet nach Demo-Alarm um
	d. im GruFue  : Einsatzart ist Einsatz unter PA
11. Wasserwerfer koennen alarmiert werden
12. Status 6 schickt Fz manuell in die Werkstatt
13. Die RD-Besatzung besteht nun ENDLICH wieder aus 2 RA, die getrennt Pat erstversorgen koennen
14. Das NEF hat einen NEF-Piloten bekommen
15. Der Hubi wurde auf 5 Mann Besatzung reduziert
16. Kripo und BePo koennen am Fahrzeug Scharfschuetzenausstattung anlegen (dann brauch man nicht jedesmal nen Hubi)
17. Beim manuell aufgerufenen Absitzen wird automatisch der GF oder NA des Fz selektiert
18. Im Loeschzug faehrt nun immer der GW-AS mit, da PA ja oft in grosser Zahl an der EStelle gebraucht werden
19. Das Options-Menue (auf dem Disponenten) wurde um die Funktion Schnee an/aus erweitert
20. Das Einsatzspektrum der Hubschrauber wurde auf etwas schlechteres Wetter erweitert
21. kein BTD mehr beim Abfuehren und ins Fz setzen von Festgenommenen
22. Die Gefahrgutinfos beim Ablesen der Warntafel werden nun unten im Bild als feststehender Text eingeblendet
    und nicht mehr in der Laufanzeige
23. Schutzausruestung des GF legt automatisch Einsatzart fest : GF mit PA = Einsatz unter PA etc.
24. Fwler legt bei Befehl "Luefter aufstellen" zuvor automatisch PA an
26.
xx. kleinere optische Detailspielereien

FixPack 5.01

1. Waldhuette ist begehbar
2. DLG-Helfer mit neuen Uniformen
3. DLRG-Boot macht nun nach Alarmierung Blitzer an
4. FwMann mit angeschlossenem Schlauch steigt nicht mehr in DLK-Korb
5. SEG-Arzt steigt nicht mehr in RTW
6. div. Fehler in der Geraeteentnahme beseitigt
7. kein BTD mehr bei Abbau Schnellangriff
8. Wahrscheinlichkeit fuer GefahrgutVU erhöht
9. FwMann mit Axt rettet nun brav nach Einschlagen der Tuer, kein BTD mehr
10. Keine Spontan BTDs mehr bei Demos oder Alarmierungen beobachtet
11. Keine Geraeteentnahme mehr aus Verteilern, Monitoren, TS oder ähnlichem
12. Neue Hubi-Besatzungen
13. Siemens/Wasserwerk/Notfallmanager ruecken nach Reparatur automatisch ab 
14. RTW mit Pat an Bord steht nicht mehr zur Neudispo zu Verfuegung

Version 5.0 Deluxe 

1. Winterberg goes Deluxe :D mit Deluxe Map und den fuer Deluxe noetigen zuaetzlichen Einheiten
   mit vielen neuen BMA, verschlossenen Haeusern usw.

2. Menschenrettung durch GF in verschlossenem Haus -> Tueroeffnung mit Axt wird automatisch befohlen
3. PolHubschrauber kann nun auch eine Loeschgruppe aufnehmen fuer Einsatz auf der Deluxe-Insel
4. BMA setzt nun auch FMS beim Zuruecksetzen korrekt ab -> Status 1
5. Die Icons im GruFue-menu beim Umschalten der Einsatzart sollten nun nicht mehr springen
6. RTW-Besatzung bleibt nun am Fz, wenn der Pat bereits durch einen NA versorgt wird.
7. Hubschrauber-NA steigt nun automatisch zu, wenn Pat in den Hubi geladen wird.
8. Hubi-RA fordern kein NEF mehr nach, wenn sie nen Pat erstversorgen (echter BUG :D )
9. Streifenwagen koennen direkt auf die festzunehmende Person gezielt werden
10. Der MTW führt nun einen Suchhund mit, der bei Bedarf von der Besatzung eingesetzt werden kann
11. Hubi-NA beginnt nach der Landung automatisch mit der Versorgung in der Naehe liegender Patienten
12. Auf der Insel gibts eine Rettungstaucherstaffel mit Boot, die b.B. auch die Rettung Ertrinkender uebernimmt
13. BMAs in Ruhe sind nun unsichtbar, damit die Map nicht mit blauen Punkten übersäht wird -> 
    blauer Punkt auf der Map ist eine BMA, die alarmiert hat !
14. Bei Einsatz unter PA werden auch nur FWler unter PA zur Menschenrettung ins Gebaeude geschickt
15. Notfallpat werden nach NACA stratifiziert. GGf begleitet der NA automatisch, falls er beim Aufnehmen des
    Patienten diesen noch behandelt. Sonst erfolgt Meldung über erforderliche Begleitung
16. Der SEG-KTW sollte nun keinen Tanz mehr vor der KH-Notaufnahme durchführen
17. Die SEG-Sichtung funktioniert wieder regelgerecht.
18. SEG-Aerzte klassifizieren Pat nach Reanimation automatisch als Schwarz
19. Loeschfz besitzen "Gruppe mit PA ausruesten" mit dem die FzBesatzung sich komplett mit PA am GWAS ausruestet und
    wieder aufsitzt. Danach kann sie gefahrlos bei Industriebraenden eingesetzt werden
20. Ger GF unter PA hat nun eine "dichte Maske" :D
21. SEG-Arztbus faehrt nicht mehr halb besetzt weg
22. TSF Niedersfeld ist aktiv
23. Der Gueterzug laesst sich jetzt abschleppen
24. Kripo rueckt aus mit 1 Profiler, 1 Aufklaerer, 2 Polizisten
25. NA kann jetzt im Streifenwagen mitgenommen werden
26. Aufstellen von Verteilern und Monitoren ist nur in einem bestimmten Maximalradius um ein Fz/TS moeglich
27. Die TS kann wieder aufgestellt werden
28. Auf der Insel kann mit einem Inselloeschtrupp ein kleiner Loeschangriff über TS vorgenommen werden
29. DLRG stellt Insel-Sanigruppe für den Fall, dass RTH nicht möglich ist
30. Es existieren zivile Streifen. 
31. Zivilpolizisten koennen Fluchtfahrzeug für Geiselnehmer bestellen.
32. Fw/DB-Manager verfuegen über Befehle zur Bahnerdung vor Einsaetzen auf Bahngelaende. Diese sind aber noch nicht
	aktiviert, ein Spiel weiter ohne Bahnerdung moeglich
33. Bug in der Geraeteentnahmelogik beseitigt, der teilweise dazu fuehrte, dass keine Rettungsschere o.ä. zur Verfügung stand,
    obwohl im Beladungsplan vorgesehen.
34. Zueschen rueckt nun auch (zunaechst mit geliehenem) KdoFz aus
35. Von SEG-Ärzten stabilisierte Pat. werden nach gewisser Zeit automatisch ins Zelt transportiert.
36. Verletzte Tauben in der Bank werden automatisch beim Abruecken der SEG geloescht

stand 4.4 vom 1.9.2007

1. Alarmierung/FMS werden im LogFile fuer Lennox Proggi mit Spieluhrzeit protokolliert
2. Nachalarmierung über ZF scheint stabil
3. Wenn als Ziel für nachalarmierte Einheiten der ZF vor Ort gewaehlt wird, so kann der ZF die nachrueckenden
   Einheiten ebenfalls kommandieren
4. Ausser Betriebnahme der Tagdienst-Fz funktioniert
5. RTH kommen jetzt zu den korrekten Zeiten und Wetterverhaeltnissen
6. Mannschaftsstaerke/Beladung GTLF Niedersfeld angepasst
7. Tempestlüfter auf DLK/LKW raeumt Brandobjekte :D
8. Neue BMA an der Lagerhalle im Westhafen.
9. ASF loeschen sich jetzt nicht mehr selber, wenn das abzuschleppende FZ nicht abgeschleppt werden kann

Stand 4.3

1. Innenangriff mit Schlauch auch ueber DLK möglich
2. FwMann "tanzt" nicht mehr mit dem Schnellangriff ums Auto
3. Hochdruckluefter fuers Entlueften brennender OpenHouses (darf erst NACH rueckstellen der BMA entfernt werden)
4. Kran wird beim Abruecken im Zug erst deinstalliert
5. Kran laesst sich mit anhaengendem Objekt nicht deinstallieren 
6. Illegal Object-Fehler im SoSi-Code beseitigt
7. DLK fuehrt C-Schlaeuche
	
Stand 4.2 vom 22.8.2007

1. Neue DLK Winterberg/Olsberg
2. NEF rueckt jetzt wieder vor dem RTW aus
3. GGV-Einsatz Ehrang fuehrt jetzt nicht mehr zum BTD-> die Waggons koennen am Ende abgeschleppt werden
4. LNA/Scharfschuetzen/Bestatter/Kampfmittelraeumer werden wieder korrekt erzeugt
5. Die Alarmpanels stimmen jetzt von der Belegung wieder
6. Umschaltbuttons springen in den Alarmpanels nicht mehr herum
7. Feierabendfunktion funktioniert wieder :)
8. Das Einparken der Fz an der Wache Winterberg ist besser-> das TLF schiesst immer noch quer
9. Beladungen der DL sind wieder ok
10. Alarmtische sind nun automatisch vorbelegt


Stand 4.0 vom 12.8.2007

1. Jede Ortsfw / RTW muss gezielt alarmiert werden. 

2. Alarmstichworte werden mittels Button im Menue Fw-Alarmierung umgeschaltet. Folgende steh zur Verfüfung:
a. örtlich -> LF (o. TSF) +TLF falls vorhanden
b. Löschzug = örtlich + DLK
c. Rüstzug = örtlich + RW
c1 Rüstzug/Kran = Rüstzug + Kranfahrzeug
d. Gefahrgut = Vollalarm + GW-Mess + GTLF + RW
e. Waldbrand = Vollalarm + GTLF + GTLF + 4* TLF /TSF-W
f. EINZELNES Fahrzeug der jeweiligen Wache OHNE ELW :)

ausserdem Alarmierung FAE / Sirene nach Wahl

Bei Alarmierung Sirene ruecken zusaetzlich zur Ortsfeuerwehr ein zweites LF+ TLF /TSF aus

3. Der Zugführer ist noch nicht optimal, kann aber den kompletten Zug am Einsatzende INCL pol heimschicken. ausserdem kann der Zugführer alle Alarmfunktionen der Leitstelle durchführen.

4. Es gibt ein STATUS 0-Notruf-Kommando, das alle freien POL-Fahrzeuge an den Standort des Notrufenden alarmiert (gut v.a. bei ausser kontrolle geratenden Demos)

5. Gruppenführer sollten auch unter CSA/PA zu erkennen sein und ihre kommandosets behalten. das wird behoben.

7. Hab aus einigen Civil-Cars mal Drivercars gemacht. Crashs auf Kreuzungen ohne Verletzte find ich ziemlich doof. jetzt gibts ab und an welche

8. Patienten im RTW verschlechtern sich waehrend des Transportes. Wenn sie bei Abfahrt zu schlecht waren, wird unterwegs ein Notarzt nachgefordert. Das gibt 500 Minuspunkte 

9. Ein Notarzt pflichtiger Pat kann nun nur noch um einen gewissen Betrag verbessert werden. Keinesfalls kann eine langdauernde NA-Behandlung dazu führen, dass der Pat. im KTW oder Taxi transportiert werden kann :D

10. Der Notarzt kann den DLK-Korb betreten. Damit besteht eine gewisse Chance, Infarkte o.  Schlaganfaelle im OpenHouse 1.OG noch zu retten, indem man den NA den Pat erstmal im Haus stabilisieren lässt. :D

11. Wenn eine BMA wg Brand auslöst, werden alle im Gebauede befindlichen Personen verletzt sein. I.d.R bedeutet BMA mit Feuer also auch Menschenrettung mit mehreren Veletzten.

12. Es gibt drei neue Löschgruppen mit TSF, die restlichen folgen im Laufe der Zeit genauso wie eine zweite DLK.

13. KTW + RTW Medebach gehen nun um 17.00 in den wohlverdienten Feierabend bis zum naechsten Morgen und stehen nicht für Einsaetze zur Verfuegung.

14.befiehlt der GF einen Löscheinsatz, so wird eines der drei vorgenommenen Strahlrohre immer ein B-Rohr sein, sofern auf dem Fz vorhanden.

15. Die Alarmierung ist nun auf drei Tische geteilt, wobei der RTW-Tisch eine Fahrzeugzustandsanzeige simuliert, in dem alarmierte RTW ausgestrichen werden und nicht neu alarmiert werden können bis sie wieder in Status 1 gehen.

16. Ausnahme : Befinden sich RTW noch auf der Anfahrt zum Einsatz oder stehen an der Estelle nur bereit, so können sie bei bedarf nach Umschalten auf dem Funktisch für einen anderen Einsatz, für den sie am nächsten stehen neu alarmiert werden.

17. Das NEF folgt dem RTW nach wie vor ohne Sosi ins KH aber mit der Geschwindigkeit des RTW

18. Auf vielfachen Wunsch werden jetzt externe Polizeifahrzeuge alarmiert, wenn die Winterberger nicht ausreichen. D.h. sie kommen wie die Abschleppfahrzeuge aus einer zufaelligen Richtung nach Winterberg gesaust.

19. Für FMS-Freaks : Fz, die Notruf senden oder RTW die unterwegs nen Notarzt nachbestellen, senden einen Status 0 per SMS

20. Es gibt auf der Leitstelle auf dem 4. Tisch eine BMA, die für jede Anlage auf der Map ein Icon enthält. Hat die BMA ausgelöst oder ist nicht zurueckgestellt worden, so kann man den Button druecken und die Kamera auf die entsprechende BMA richten.

21. Auch die NEFs und Hubis können nun einzeln disponiert bzw umdirigiert werden. Dadurch ist auch fuer jedes Fz erkennbar, ob es noch verfügbar ist.
Selbstverstaendlich kann weiterhin NEF/RTW in Kombi alarmiert werden, dann wird automatisch das naechste freie NEF mitalarmiert.

22. Instabile Patienten koennen nur noch transportiert werden, wenn ein NA im RTW ist (der muss VOR dem Einladen schon drin sein)

23. Zweiter Hubi Chr 7 Kassel Modell Bo105 

24. Für Rettungsdienst STORNO-Alarmierung. Damit kann ein alarmiertes Fz vor Erreichen der EStelle von der Leitstelle aus wieder heimbeordert werden, falls es nicht mehr benötigt wird, ohne dass man am Fz P druecken muss.

25. Neuer Spezialeinsatz

26. Disponent auf der Leitstelle stellt "Alle Feuer Notaus" zur Verfügung ..

27. Die DLK Olsberg steht nur als 2. Drehleiter zur Verfügung

28. Der LKW rückt nun beim Loeschzug-Vollalarm und im Gefahrgutzug mit aus, beladen mit 3 Dichtkissen und 6 B-Schlaeuchen

29. In brennenden Gebaeuden ist PA nun zwingend erforderlich, sonst wirds ungesund für die Einsatzkraefte. Man sollte auch die Verletzten drinnen zuegig retten :D. ACHTUNG: der Gefahrenbereich kann sich auch auf Bereich um das Gebaeude herum erstrecken !!



Stand 3.31  vom 10.2.2007

- Neue Fz-Models fuer LF 16 WiB, TLF 16/25 WiB, LF 8 Zueschen -> diese Fz parken wieder anstaendig
- AutoUmleiten der Fz beim Anfahren und Absitzen aktiviert
- LÖschkanone der TLW werden nicht mehr automatisch aktiviert
- BUG im Aufsitzen/Geraete-Ruecknahme-Script -> BTD scheint eliminiert
- BUG im SEG-Script -> KTW sollte nun nach Entladen am KH keinen NA mehr für die Heimfahrt anfordern
- Ausrueckreihenfolge RTW/NEF geaendert, das NEF faehrt nun zuerst ab
- RTW, die zur Transportbegleitung einen NA anfordern, zeigen dies nun deutlich durch Tattoo auf dem Dach, damit sie nicht
  im allgemeinen Durcheinander vergessen werden
- RA, die ein NEF nachfordern, ueberwachen den Patienten nun kontinuierlich. Sollte er rea-pflichtig werden, so beginnt die
  Basis-Reanimation bis zum Eintreffen des NA. Auf diese Weise sollte nun kein Pat mehr wg. Warten auf den NA versterben.
- Der Chemiezug wurde um ein neues Dekon-Fz erweitert. Funktion wird noch ausgebaut
- Pro Zugalarmierung findet sich jetz ein Techn. EL mit gelbem Koller, auf dem ersten ausgerueckten Löschfahrzeug. Noch machtlos.
- Gruppenfuehrer sind unter CSA/PA durch einen roten Punkt am Helm gekennzeichnet
- Nachalarmierung RTW/NEF durch KTW/RTW funzt wieder
- Löschen mit der Drehleiter ist wieder unkompliziert moeglich



Stand 3.27  vom 4.2.2007

- Innenangriff mit PA ist moeglich
- Alle Fwler kuppeln beim Aufsitzen wieder korrekt ab
- Der SEG-KTW wird nicht mehr zur ewigen Ruhe geschickt beim Abruecken
- Einsatzfahrzeuge fliegen nicht mehr in die Luft, wenn man ihnen von hand nen Mechaniker schickt
- SEG überarbeitet, Sanis laden jetzt Pat automatisch im zelt ab, wenn wieder Platz ist
- SEG-KTW wird am KH entladen (nein, die Pat sieht man nicht zum KH robben wie frueher)
- FMS wird doppelt gesendet wie von manchen Decodern benötigt


Release 3.2 

Stand 29.1.2007

- Polizeifahrzeuge fahren Streife. Der einer EStelle naechste rueckt an
- San-Team kann abgefuehrte Person von Fw/Pol auf die Trage übernehmen -> Fensterspringer
  kann im RTW abtransportiert werden
- SEG-COde überarbeitet -> Patienten werden jetzt problemlos abtransportiert
- FwGeraete-Code überarbeitet -> BTD beim Umgang mit Schnellangriff o.ä. beseitigt
- Hubi-Code überarbeitet -> Pat kann jetzt ohne BTD zum KH transportiert werden
- Heal-Code überarbeitet -> Sanis bleiben bei Reanimationssituation am Patienten bis NEF eintrifft
			-> Live-Level wird auf dem Stand bei Ankunft festgehalten im Sinne einer
			Basis-HLW
- EnterCar/ToHospital-Code überarbeitet und vereinfacht, leider bleibt ab und an immer noch
  ein Fz ohne neues Personal am KH stehen
- Autowracks brennen jetzt beim Aufladen nicht mehr.
- GruFü-Code überarbeitet -> Menschenrettung und Löschangriff sind nun parallel möglich,
  zur Rettung/Löschen werden nur nicht ausgeruestete Fwler ohne Pat herangezogen
- GoHome überarbeitet -> beschaedigte NachbarFz werden nun korrekt repariert, der Mechaniker
  rennt nicht mehr quer durch die Stadt (und die Fz brennen hier auch nicht ab ?? )
- BUG behoben : Kommt ein Fz mit unvollstaendiger Besatzung an der Wache an, war es nicht mehr einsetzbar, weil nicht als frei gekennzeichnet.
	-> Jetzt ist es nach dem Aussteigen der Mannschaft und FzInspektion wieder einsatzbereit
- BUG behoben : BTD beim Aussteigen an der PolStation, wenn im STW 2 Gefangene waren -> Code vereinfacht , kein BTD mehr
- BUG behoben : beim Aufladen zerstörter Einsatzfahrzeuge wurden alle Einsatzkraefte geloescht -> BTD, falls diese im RTW unterwegs waren 
		->  im Transport befindliche oder verletzte EKraefte werden nicht mehr geloescht.


Winterberger EM4 Version 3.0 Multiplayer

Stand 24.12.2006

- Winterberg laesst sich nun MULTIPLAYER spielen
  ===============================================
  Fuer Anregungen oder Kommentare zur bevorzugten Steuerung bin ich fuer Kommentare dankbar

- GW-Mess hat nun 15 CSA, nachdem nach Ausruesten des LF16 nicht mal mehr genug Anzuege für die Mannschaft des GW-Mess da waren
- BMA ist vollstaendig implementiert. 2 Alarmmodi : 1. Fehlausloesung -> BMA muss durch GF quittiert werden
   						  2. Feuer -> Feuer loeschen und alle Verletzten retten, erst dann kann die BMA zurueckgestellt werden
- GF-Befehle wurden um Automatik erweitert.
  So fuehrt der Befehl Rettung auf ein OpenHouse angewendet bei der DLK zur automatischen Installation des Fahrzeuges, Rettung und technische Rettung auf
  eine Wasserflaeche angewendet dazu, dass sich ein FWMann mit Tauchanzug ausruestet, falls im Fz
- Der Funkmast des ELW faehrt beim abruecken automatisch ein
- Der ELW hat ein neues Sondersignal
- Der Hubi schmiert beim Enladen eines Verletzten nun definitiv nicht mehr ab
- Das Aufsitzen-Kommando sollte auch mit einem BSW funktionieren

==> Zugfuehrer mit speziellen ZF-Funktionen, Zugsteuerung durch ELW und Leitstellenfunktionalitaet fuer denselben kommen im naechsten Schritt
    Ausserdem sollten die Einsatzkraefte truppweise vorgehen, dann kann auch eine LF16-Besatzung keine 6 Rohre mehr vornehmen

Achtung: Die Einsatzfrequenz ist im vorliegenden Mod auch ohne Spezialeinsaetze heavy!! ggf. unbedingt die Parameter runterdrehen, sonst Infarkt :-)

Wem die Spezialaufgaben zu schnell hintereinanderkommen, der moege im Script gohome_winterberg.script die Zeile escalator=-20; suchen und z.B. -50 oder 
was immer ertraeglich erscheint, einsetzen. Je negativer der Wert um so groesser die Abstaende.

Viel Spass beim Zocken!

Stand 14.12.2006

Der Verteiler wird beim Aufsitzen ENDLICH automatisch zurueckgenommen, nachdem die Schlaeuche abgebaut sind.

Die normgerechte Fahrzeugbeladung ist jetzt vollstaendig implementiert. Zahlenmaessig kontrolliert werden
PA, CSA, Tauchanzuege, Strahlrohre=Schlaeuche, Rettungsschere, Kettensaege sowie alle Zusatzgeraete, also
Verteiler, Monitore, Schnellangriffe, Lichtmast, Pylone etc.

Damit unterscheidet sich ein LF16 einsatztaktisch vom LF8 dadurch, dass es 2 Loeschgruppen (2 Verteiler/6 Strahlrohre) unterstuetzt 
statt nur einer (1 Verteiler/ 3 Rohre) so wie in der Realitaet. Das GTLF hat nun 2 Schnellangriffseinrichtungen.
Da die Anzahl der PA/CSA auf den Loeschfahrzeugen nun begrenzt ist (4/ max. 2), wurde der GW-Mess zum GW-AS ausgeruestet und führt 32 PA sowie 
10 CSA mit (ausreichend fuer 2 Loeschzuege).
Bitte intensiv testen, ggf. kann die Beladung der Fz leicht modifiziert werden. 
Ausserdem ist es jederzeit moeglich, scriptgesteuert die Fz-Beladung zu modifizieren und so z.B. den LKW an der Wache mit Nachschub zu beladen
oder ein Wechselcontainersystem zu simulieren

Der Gruppenfuehrer verfuegt nun über folgende Befehle
1. Loescheinsatz -> zwei Varianten : 1. Wird eine Position auf der Strasse gewaehlt, so wird der Verteiler dort platziert und 3 Rohre werden
					vom Verteiler aus vorgenommen
				     2. Wird der Befehl auf ein Fz angewendet, so ruestet sich die Gruppe an diesem Fz mit Verteiler und 
					Strahlrohren aus und wartet auf weitere Weisung. So kann z.b. die Mannschaft aus dem ELW oder eine LKW/
					Ruestwagenbesatzung an einem LF16 einen zweiten Verteiler und weitere Rohre vornehmen.

					BUGS: Sitzt der Verteiler bevor sich drei mann mit Strahlrohren ausgeruestet haben, kann es sein, dass nicht
					      alle Rohre automatisch am Verteiler angeschlossen werden
					
						Die Gruppe eines LF16 darf nicht beide Verteiler selber nutzen, da sonst die Programmlogik noch
						aus dem Tritt kommt :-).

2. Verteiler setzen -> Fortsetzung von 1 - > die ausgeruestete Gruppe setzt nun den Verteiler und nimmt die Rohre vor

3. Meschenrettung -> GF postiert sich im Gefahrenbereich, Gruppe rettet Verletzte und bringt sie zum Fz

4. Technische Rettung -> Lichtmast wird an der bezeichneten Stelle postiert, ein FWMann ruestet sich mit SChere aus und beginnt eingeklemmte aus
			 den umliegenden Fz zu befreien.

3+4 Am GW-AS ausruesten : Nur gueltig wenn als Ziel ein Fz ausgewaehlt wird. Die komplette Gruppe incl. Gruppenfuehrer ruestet sich am 
			  gewaehlten Fz mit PA/CSA aus soweit Geraete auf dem Fahrzeug verfuegbar sind


Stand 3.12.2006

Hubschrauber koennen nur tagsueber bei klarem Wetter eingesetzt werden

In Vorbereitung auf eine realistische Zugeinsatzsimulation erste Implementation einer normgerechten Fz-Beladung -> deswegen Sprung nach 2.5
Es werden in der Menge begrenzt 
- Strahlrohre ("Schlaeuche")
- PA und Chemieschutzanzuege sowie Taucherausruestungen
- Rettungsschere, Kettensaege

DAS IST NOCHT NICHT INTENSIV GESTESTET -> bitte Probleme melden :-)

entnommene Geraete werden nach der Nutzung noch nicht wieder aufs Fz verlastet so wie einmal eingesetzte PA, CSA, Schlaeuche auch
erst auf der Wache wieder gegen einsatzfähige getauscht werden ! Im naechsten Schritt wird es wieder dann möglich sein, sich an jedem 
Fz mit PA/CSA auszuruesten -> GW-AS ? 
Ein Löschfahrzeug auf dem Weg zur Wache ist nur sehr bedingt einsatzbereit wie in der Realität

Vorbereitet aber zur Zeit noch nicht genutzt ist Begrenzung des Loeschwassertankes. Hier waere noch die Frage der Loeschwasser
versorgung zu klaeren, bevor ich das Wasser am Fahrzeug abdrehe :-)

Eine Einsatzzeitbegrenzung für PA ist in Planung -> ist das sinnvoll/gewuenscht ?

Zur einfacheren Pflege wurden alle Listen, die die Fahrzeuge und deren Beladung/SoSi definieren, in das localizer.script ausgelagert.
Aenderungen koennen unkompliziert hier vorgenommen werden, ohne dass man in allen Scripten wuehlen muss. Auch die Prototypen und 
Rufnamen werde ich hier noch hin übernehmen

=> hier habe ich tief in den Code eingegriffen, es sind reichlich Fehler möglich -> bitte alle Fz intensiv einsetzen und Fehler am 
besten mit Log melden -> dafuer sind Erweiterungen/Anpassungen künftig viel einfacher, grade im Hinblick auf die Beladungen

Die Einarbeitung von BMA ist begonnen, die BMA sind aber noch nicht aktiv. Hierzu muss noch eine BMZ gemoddet werden, an der der Alarm
vom Loeschzug quittiert werden kann. Das konzept sieht folgendermassen aus:
- BMZ an geeigneten Objekten -> BMZ bekommt Namen des Objektes , z.b. DigiMarkt, Nordchemie, Hafenlager etc.
  Der Name kann bei Alarmausloesung dann angezeigt werden, an der BMZ Blinkleuchte bei Alarm und Quittungsbutton
- Im Objekt werden ein oder mehrere Linien verteilt, die zyklisch in der Umgebung nach FireObjects suchen und im Falle eines
  Feuers Alarm auslösen. Zusaetzlich wird zufallsgesteuert ab und an ein Linienfehler mit Fehlauslösung erzeugt. Es waer doch
  doof, wenn wir dann an den Gebaeuden BMAs haben, die zwar fehlalarme auslösen, sich aber nicht rühren,wenns wirklich brennt.

Zugfuehrungskonzept:
- Jedes Fahrzeug bekommt einen Gruppenfuehrer, der die Einsatzaufgabe für das Fz bestimmt und das Einsatzziel festlegt
- Kommando Brandbekämpfung : 4 Mann unter PA, 1 Verteiler an vom GF markierte Stelle, 1 Monitor falls vorhanden, Rest ruestet sich mit 
			     Schlaeuchen aus,   Gruppe sammelt sich am Verteiler (Einsatz mit Bereitstellung)
- Kommando Menschenrettung : je nach Lage Ausruesten mit PA / CSA soweit verfuegbar, ausgeruestete Mannschaft beginnt im Umkreis des GF mit
				dem Retten der Verletzten und legt sie im vom ELW bestimmten Triagebereich ab
				kontaminierte Fussgaenger werden eingefangen
				evtl in den Gefahrenbereich einlaufende Fußgaenger werden weggefuehrt
- Kommando technische Rettung : Je nach Lage ausruesten mit PA/CSA oder 1 Taucher, eine Rettungsschere, 1 LiMa, LiMa an die vom GF
				 bezeichnete Stelle, Im Umfeld werden automatisch Eingeklemmte aus den Fahrzeugen befreit

Der ELW soll spater in der Lage sein
1. eine Liste der an der EStelle aktiven Fahrzeuge zu fuehren, damit ein Kommando Einsatzende am ELW ALLE Fahrzeug an der Estelle ab
   ruecken lassen kann
2. soll deswegen kuenftig die Nachforderung nicht primär mitalarmierter Fz übernehmen, alternativ können nachrueckende Fz als Einsatzziel
   auf den ELW alarmiert werden so wie die RTW beim MANV auf das SEG-Zelt
3. die ELW-Besatzung wird die E-Stelle strukturieren : Festlegen Triagebereich, an dem Gerettete Personen zur Erstversorgung gesammelt werden
   2. Festlegen des Sammelpunktes für die mitalarmierten Rettungsmittel
   3. Festlegen des Sammelpunktes für nachalarmierte Feuerwehren
   4. (festlegen und sichern hubilandeplatz)


Stand 18.11.2006

- Fahrzeugumfeldbeleuchtung wird beim Absitzen automatisch eingeschaltet und beim Abruecken abgeschaltet
- Neuer Notarzt am KH wird erst erzeugt, wenn der NA aus dem RTW im KH verschwunden ist

- Erster Versuch der MULTIPLAYER-Faehigkeit : 
	Jeder Leitstellenplatz wird einem Player zugewiesen -> Tisch 1 = Player 1, Tisch 2 = Player 2 etc
	alarmierte Fz werden automatisch dem Player zugewiesen, der alarmiert hat

Funktionsänderungen Winterberger EM4 2.1

Stand 25.9.2006
- Anruecken der Nachbarfz wird je nach Standortentfernung verzoegert
- Fz ruecken erst nach Durchlauf ihrer Schleife aus
- Lichtmast ist in 15 Grad-Schritten drehbar
- GGV-Transporte sind zu entschaerfen bzw mit Dichtkissen abzudichten
- Gasmultimeter/Geigerzaehler funktionieren nur akustisch
- Alarmstichwort Chemiezug in Lst integriert
- Versuchsweise Implementation einer Umleit-Funktion fuer Fz
- NEF auf Person alarmiert rueckt automatisch mit RTW gemeinsam aus, keine KTW-Alarmierung!
- Fahrzeuge haben eingebaute Umleitfunktion, mit der sie den Gegenverkehr umleiten können
- Gefahrguttransporter sollen Rauch absondern (funktioniert noch nicht) 

Stand 4.9.2006
- SEG mit Triage funktional
- GGV Modul mit vollem Funktionsumfang, noch einzelne Bugs
- Notarzt kniet sich vors Auto vor Versorgung Eingeklemmter

bis 18.8.2006
- SEG-Helfer haben Heal-Command
- GoHome_Winterberg und Loadup deaktiviert ggf. Motorsound/Sosi vor Rueckfahrt/Wrack aufladen, um persistierende
  Soundeffekte auf der Karte zu vermeiden
- Gefahrgut-Paket begonnen : Script Kemlerzahl liest Gefahrgutkennzeichen eines angeklickten Fahrzeuges und gibt
  entsprechende Infos aus -> steht auf dem GW-Mess zur Verfuegung
  6 Gefahrgueter definiert :
  33 : leicht brennbare Flüssigkeit -> Schere/LiMa/TS/Autos im Gefahrenbereich ohne Kuehlung führt zu Brand/Explosion
  x423: Natrium/Kali -> Wasserbeaufschlagung führt zu Brand/Explosion
  20 : Austreten von Gas -> Aufenthalt ohne PA im Gefahrenbereich führt zu Gesundheitsschaden
  411 : Munitionstransport -> FzAufprall/Schere/Aufladen/Anheben vor Entschärfung führt zu Explosion
  86 : Ätzende/giftige Stoffe -> Aufenthalt im Gefahrenbereich ohne CSA führt zu schweren Gesundheitsschäden
  70 : Radioaktiv -> Aufenthalt im Gefahrenbereich führt zu Gesundheitsschäden
- GW-Mess erhält Geigerzähler/ GasMultimeter, um Austritt von Gefahrgut zu detektieren
- Mittels Repair-Befehl können lecke GGV-Transporter abgedichtet werden
- Über SoSi-Script erfolgt Ein/Ausschalten des Detektorsignals für MM/GZ
- Random_Vu generiert Gefahrgut beladene Fz 

bis 14.8.2006
- SEG integriert, kann vom LNA angefordert werden
- AutoHeal durch Notarzt deaktiviert
- Random_Vu-Quote nimmt nun mit jedem Gohome zu bis zur definitiven Auslösung eines Ereignisses, Auslösung bei max. einem anderen
  Verletzen auf der Karte möglich

Funktionsänderungen Winterberger EM4 2.0

bis 10.8.2006
- GTLF über separaten Button einzeln nachalarmierbar
- Siemens/DBManager/Kampfmittelraeumer koennen nur fuer sie freigegebene Objekte reparieren

bis 3.8.2006

- Alarmgeber alarmiert nur noch Schleifen für die Wachen, die auch ausruecken
- Pro Wache wird nur einmal alarmiert, auch wenn mehrere Fz ausruecken
- Einsatzdurchsagen für NFM/Kampfmittelraeumer hinzugefuegt (Sounds fehlen noch)
- Umziehkommandos stehen nur dort zur Verfuegung, wo auch die entsprechende Ausruestung vorhanden ist

bis 2.8.2006

- DB-Notfallmanager integriert -> Fahrzeugtyp muss FGRI EKW sein !
- Ingenieur ist jetzt wieder Siemens-Techniker
- Kampfmittelraeumdienst integriert -> Fahrzeugtyp muss FGRI EKW sein !
- Kampfmittelraeumer ist mit 2 Mann besetzt, einer repariert, der andere fuehrt ne Kamera und kann ggf mit Feuerlöscher eingreifen
- ADAC jetzt mit Mechaniker besetzt
- Die Techniker koennen zur Zeit noch alles reparieren. Funktionsbeschränkung wird nachgereicht

bis 1.8.2006

- Startscript kann nur einmal gestartet werden
- Vor Hubiaktion wird auf gelandeten Hubschrauber geprüft
- Hubi/NEF-personal velässt an der EStelle automatisch das Fz

Stadt
- einsehbarer Bereich intern markiert, um Zufallseinsätze abseits am Kartenrand zu unterbinden
- Zufalls-VUs in der Anzahl reduziert. Es dürfen keine Verletzten auf der Map sein, damit einer eintritt
- VOBS für Tiefgarage/U-Bahn-Stationen

Lst
- Neue Alarmdurchsagen
- Alarmierungen werden sicher sequentiell abgespielt und überlagern nicht mehr

RD
- LNA mit eigenem Fz eingeführt - noch keine Sonderfunktionen
- Notarzt kann LNA alarmieren
- Notarzt kann eingeklemmte im PKW vor Rettung stabilisieren
- Notarzt setzt vor Versorgung Eingeklemmter Helm auf
- KTW fordert korrekt RTW und ggf NEF nach je nach Verletzungsgrad
- nachgefordertes NEF parkt nicht mehr neben dem Pat sondern neben dem nachfordernden RTW und damit nicht mehr hinter dem Haus,
  wenn der Patient im Hinterzimmer liegt
- NEF/RTH akzeptiert RTWs als Target -> Notarzt steigt dann automatisch in den RTW um zur Transportbegleitung
- Notarzt steigt durch die Hintertür in den RTW und nicht mehr auf den Beifahrersitz
- Wenn ein Patient einmal vom Notarzt versorgt wurde, wird kein NEF mehr nachalarmiert, wenn die RAs ihn stabilisieren oder in 
  den RTW laden.
- Hubschrauber sucht beim Anflug auf die Klinik automatisch gueltigen Anflugwinkel

FW
- Fahrzeuge können mit Verteiler, Monitor, Lichtmast, Pylonen, TS, Schnellangriff ausgeruestet werden
   -> Geraete werden korrekt zurueckgenommen beim Aufsitzen
- zusaetzliche Fahrzeuge eingeführt
- Neues TLF Winterberg
- Schnellangriff kann vom FzMenue aus direkt angefordert werden -> ein FwMann steigt aus und macht sich löschbereit 
- Fahrzeuge werden an der Wache komplett aufgerüstet, falls Geraet im Einsatz verloren ging
- TS/Verteiler werden nicht mehr abgebaut, wenn noch Schläuche angeschlossen sind
- Fahrzeug fährt nicht mehr nach hause, wenn noch Schlauchanschluesse belegt sind
- Nachrueckfolge fuer TLF im Zug korrigiert
- nicht verfügbare Zusatzausruestung wird im Menue deaktiviert


Pol
- Streifenwagen verfügen über Pylone + Feuerlöscher
- Polizisten können mit Feuerlöschern Erstangriff durchführen
